0 info it worked if it ends with ok
1 verbose cli [ '/usr/local/bin/node', '/usr/local/bin/npm', 'start' ]
2 info using npm@3.6.0
3 info using node@v5.6.0
4 verbose run-script [ 'prestart', 'start', 'poststart' ]
5 info lifecycle imgsearch-micor@0.0.1~prestart: imgsearch-micor@0.0.1
6 silly lifecycle imgsearch-micor@0.0.1~prestart: no script for prestart, continuing
7 info lifecycle imgsearch-micor@0.0.1~start: imgsearch-micor@0.0.1
8 verbose lifecycle imgsearch-micor@0.0.1~start: unsafe-perm in lifecycle true
9 verbose lifecycle imgsearch-micor@0.0.1~start: PATH: /usr/local/lib/node_modules/npm/bin/node-gyp-bin:/Users/roelverbunt/projects/fcc/imgsearch-micro/node_modules/.bin:/usr/local/git/bin:/usr/local/bin:/usr/bin:/bin:/usr/sbin:/sbin:/usr/local/git/bin:/opt/local/bin:/usr/local/bin:/usr/local/mysql-5.6.19-osx10.7-x86_64/bin:/Users/roelverbunt/progs/homebrew/bin:/Users/roelverbunt/progs/homebrew/opt/wildfly-as/libexec/bin:/Users/roelverbunt/progs/mongodb-osx-x86_64-3.0.6/bin
10 verbose lifecycle imgsearch-micor@0.0.1~start: CWD: /Users/roelverbunt/projects/fcc/imgsearch-micro
11 silly lifecycle imgsearch-micor@0.0.1~start: Args: [ '-c', 'node server.js' ]
12 silly lifecycle imgsearch-micor@0.0.1~start: Returned: code: 1  signal: null
13 info lifecycle imgsearch-micor@0.0.1~start: Failed to exec start script
14 verbose stack Error: imgsearch-micor@0.0.1 start: `node server.js`
14 verbose stack Exit status 1
14 verbose stack     at EventEmitter.<anonymous> (/usr/local/lib/node_modules/npm/lib/utils/lifecycle.js:232:16)
14 verbose stack     at emitTwo (events.js:100:13)
14 verbose stack     at EventEmitter.emit (events.js:185:7)
14 verbose stack     at ChildProcess.<anonymous> (/usr/local/lib/node_modules/npm/lib/utils/spawn.js:24:14)
14 verbose stack     at emitTwo (events.js:100:13)
14 verbose stack     at ChildProcess.emit (events.js:185:7)
14 verbose stack     at maybeClose (internal/child_process.js:827:16)
14 verbose stack     at Process.ChildProcess._handle.onexit (internal/child_process.js:211:5)
15 verbose pkgid imgsearch-micor@0.0.1
16 verbose cwd /Users/roelverbunt/projects/fcc/imgsearch-micro
17 error Darwin 15.3.0
18 error argv "/usr/local/bin/node" "/usr/local/bin/npm" "start"
19 error node v5.6.0
20 error npm  v3.6.0
21 error code ELIFECYCLE
22 error imgsearch-micor@0.0.1 start: `node server.js`
22 error Exit status 1
23 error Failed at the imgsearch-micor@0.0.1 start script 'node server.js'.
23 error Make sure you have the latest version of node.js and npm installed.
23 error If you do, this is most likely a problem with the imgsearch-micor package,
23 error not with npm itself.
23 error Tell the author that this fails on your system:
23 error     node server.js
23 error You can get information on how to open an issue for this project with:
23 error     npm bugs imgsearch-micor
23 error Or if that isn't available, you can get their info via:
23 error     npm owner ls imgsearch-micor
23 error There is likely additional logging output above.
24 verbose exit [ 1, true ]
